<?xml version="1.0" encoding="UTF-8"?>
<!-- Generated by org.testng.reporters.JUnitReportReporter -->
<testsuite skipped="0" hostname="52klj72" name="Tests.DemoPageTest" tests="1" failures="0" timestamp="07 mar 2018 08:05:17 GMT" time="2.228" errors="0">
  <testcase name="shouldGotoRegisterPage" time="2.228" classname="Tests.DemoPageTest"/>
</testsuite> <!-- Tests.DemoPageTest -->
