<?xml version="1.0" encoding="UTF-8"?>
<!-- Generated by org.testng.reporters.JUnitReportReporter -->
<testsuite skipped="0" hostname="52klj72" name="Tests.DemoPageTest" tests="1" failures="0" timestamp="12 lut 2018 09:22:12 GMT" time="5.300" errors="0">
  <testcase name="shouldLoginToDemoVersion" time="5.300" classname="Tests.DemoPageTest"/>
</testsuite> <!-- Tests.DemoPageTest -->
