<?xml version="1.0" encoding="UTF-8"?>
<!-- Generated by org.testng.reporters.JUnitReportReporter -->
<testsuite skipped="0" hostname="52klj72" name="Tests.HomePageTest" tests="2" failures="0" timestamp="12 lut 2018 09:22:12 GMT" time="11.134" errors="0">
  <testcase name="shouldBeOnHomePage" time="0.037" classname="Tests.HomePageTest"/>
  <testcase name="checkFirstLineMenu" time="11.097" classname="Tests.HomePageTest"/>
</testsuite> <!-- Tests.HomePageTest -->
