<?xml version="1.0" encoding="UTF-8"?>
<!-- Generated by org.testng.reporters.JUnitReportReporter -->
<testsuite skipped="0" hostname="52klj72" name="Tests.RestaurantsPageTest" tests="1" failures="1" timestamp="07 mar 2018 08:05:17 GMT" time="6.870" errors="0">
  <testcase name="checkHowManyRestaurants" time="6.870" classname="Tests.RestaurantsPageTest">
    <failure type="com.codeborne.selenide.ex.ListSizeMismatch" message=": expected: = 91, actual: 0, collection: By.xpath: //*[@class =&#039;ui divided items ui segment&#039;]/div
Elements: []">
      <![CDATA[ListSizeMismatch : expected: = 91, actual: 0, collection: By.xpath: //*[@class ='ui divided items ui segment']/div
Elements: []
Screenshot: file:/C:/Users/lwnuk/IdeaProjects/siiamanUI/build/reports/tests/1520409915736.0.png
Page source: file:/C:/Users/lwnuk/IdeaProjects/siiamanUI/build/reports/tests/1520409915736.0.html
Timeout: 6 s.
at com.codeborne.selenide.collections.ListSize.fail(ListSize.java:24)
at com.codeborne.selenide.ElementsCollection.waitUntil(ElementsCollection.java:99)
at com.codeborne.selenide.ElementsCollection.should(ElementsCollection.java:59)
at com.codeborne.selenide.ElementsCollection.shouldHave(ElementsCollection.java:50)
at com.codeborne.selenide.ElementsCollection.shouldHaveSize(ElementsCollection.java:35)
at PageObject.Restaurants.getNumOfRestaurants(Restaurants.java:26)
at Tests.RestaurantsPageTest.checkHowManyRestaurants(RestaurantsPageTest.java:27)
at sun.reflect.NativeMethodAccessorImpl.invoke0(Native Method)
at sun.reflect.NativeMethodAccessorImpl.invoke(NativeMethodAccessorImpl.java:62)
at sun.reflect.DelegatingMethodAccessorImpl.invoke(DelegatingMethodAccessorImpl.java:43)
at java.lang.reflect.Method.invoke(Method.java:498)
at org.testng.internal.MethodInvocationHelper.invokeMethod(MethodInvocationHelper.java:124)
at org.testng.internal.Invoker.invokeMethod(Invoker.java:580)
at org.testng.internal.Invoker.invokeTestMethod(Invoker.java:716)
at org.testng.internal.Invoker.invokeTestMethods(Invoker.java:988)
at org.testng.internal.TestMethodWorker.invokeTestMethods(TestMethodWorker.java:125)
at org.testng.internal.TestMethodWorker.run(TestMethodWorker.java:109)
at org.testng.TestRunner.privateRun(TestRunner.java:648)
at org.testng.TestRunner.run(TestRunner.java:505)
at org.testng.SuiteRunner.runTest(SuiteRunner.java:455)
at org.testng.SuiteRunner.runSequentially(SuiteRunner.java:450)
at org.testng.SuiteRunner.privateRun(SuiteRunner.java:415)
at org.testng.SuiteRunner.run(SuiteRunner.java:364)
at org.testng.SuiteRunnerWorker.runSuite(SuiteRunnerWorker.java:52)
at org.testng.SuiteRunnerWorker.run(SuiteRunnerWorker.java:84)
at org.testng.TestNG.runSuitesSequentially(TestNG.java:1208)
at org.testng.TestNG.runSuitesLocally(TestNG.java:1137)
at org.testng.TestNG.runSuites(TestNG.java:1049)
at org.testng.TestNG.run(TestNG.java:1017)
at org.apache.maven.surefire.testng.TestNGExecutor.run(TestNGExecutor.java:77)
at org.apache.maven.surefire.testng.TestNGDirectoryTestSuite.executeMulti(TestNGDirectoryTestSuite.java:159)
at org.apache.maven.surefire.testng.TestNGDirectoryTestSuite.execute(TestNGDirectoryTestSuite.java:99)
at org.apache.maven.surefire.testng.TestNGProvider.invoke(TestNGProvider.java:106)
at sun.reflect.NativeMethodAccessorImpl.invoke0(Native Method)
at sun.reflect.NativeMethodAccessorImpl.invoke(NativeMethodAccessorImpl.java:62)
at sun.reflect.DelegatingMethodAccessorImpl.invoke(DelegatingMethodAccessorImpl.java:43)
at java.lang.reflect.Method.invoke(Method.java:498)
at org.apache.maven.surefire.util.ReflectionUtils.invokeMethodWithArray(ReflectionUtils.java:189)
at org.apache.maven.surefire.booter.ProviderFactory$ProviderProxy.invoke(ProviderFactory.java:165)
at org.apache.maven.surefire.booter.ProviderFactory.invokeProvider(ProviderFactory.java:85)
at org.apache.maven.surefire.booter.ForkedBooter.runSuitesInProcess(ForkedBooter.java:115)
at org.apache.maven.surefire.booter.ForkedBooter.main(ForkedBooter.java:75)
]]>
    </failure>
  </testcase> <!-- checkHowManyRestaurants -->
</testsuite> <!-- Tests.RestaurantsPageTest -->
